mode: set
github.com/sonic/lib/syslogger/syslogger.go:26.58,28.16 2 1
github.com/sonic/lib/syslogger/syslogger.go:33.2,41.23 3 1
github.com/sonic/lib/syslogger/syslogger.go:59.2,59.12 1 1
github.com/sonic/lib/syslogger/syslogger.go:28.16,30.13 1 0
github.com/sonic/lib/syslogger/syslogger.go:41.23,42.7 1 1
github.com/sonic/lib/syslogger/syslogger.go:42.7,43.11 1 1
github.com/sonic/lib/syslogger/syslogger.go:44.4,46.35 2 1
github.com/sonic/lib/syslogger/syslogger.go:49.5,51.11 2 1
github.com/sonic/lib/syslogger/syslogger.go:53.4,54.17 1 1
github.com/sonic/lib/syslogger/syslogger.go:46.35,48.6 1 0
github.com/sonic/lib/syslogger/syslogger.go:64.36,67.26 2 1
github.com/sonic/lib/syslogger/syslogger.go:71.2,71.33 1 1
github.com/sonic/lib/syslogger/syslogger.go:67.26,70.3 1 1
github.com/sonic/lib/syslogger/syslogger.go:75.34,77.2 1 1
github.com/sonic/lib/syslogger/syslogger.go:82.38,85.2 2 1
github.com/sonic/lib/syslogger/syslogger.go:93.26,95.2 1 1
github.com/sonic/lib/syslogger/syslogger.go:98.34,100.2 1 1
